Flow report for Lab4
Wed Apr 05 15:16:33 2017
Quartus II 64-Bit Version 15.0.0 Build 145 04/22/2015 SJ Full Version


---------------------
; Table of Contents ;
---------------------
  1. Legal Notice
  2. Flow Summary
  3. Flow Settings
  4. Flow Non-Default Global Settings
  5. Flow Elapsed Time
  6. Flow OS Summary
  7. Flow Log
  8. Flow Messages
  9. Flow Suppressed Messages



----------------
; Legal Notice ;
----------------
Copyright (C) 1991-2015 Altera Corporation. All rights reserved.
Your use of Altera Corporation's design tools, logic functions 
and other software and tools, and its AMPP partner logic 
functions, and any output files from any of the foregoing 
(including device programming or simulation files), and any 
associated documentation or information are expressly subject 
to the terms and conditions of the Altera Program License 
Subscription Agreement, the Altera Quartus II License Agreement,
the Altera MegaCore Function License Agreement, or other 
applicable license agreement, including, without limitation, 
that your use is for the sole purpose of programming logic 
devices manufactured by Altera and sold by Altera or its 
authorized distributors.  Please refer to the applicable 
agreement for further details.



+-------------------------------------------------------------------------------+
; Flow Summary                                                                  ;
+---------------------------------+---------------------------------------------+
; Flow Status                     ; Successful - Wed Apr 05 15:16:33 2017       ;
; Quartus II 64-Bit Version       ; 15.0.0 Build 145 04/22/2015 SJ Full Version ;
; Revision Name                   ; Lab4                                        ;
; Top-level Entity Name           ; vhdl_space_invaders_top                     ;
; Family                          ; Cyclone V                                   ;
; Device                          ; 5CSEMA5F31C6                                ;
; Timing Models                   ; Final                                       ;
; Logic utilization (in ALMs)     ; 7,465 / 32,070 ( 23 % )                     ;
; Total registers                 ; 1053                                        ;
; Total pins                      ; 34 / 457 ( 7 % )                            ;
; Total virtual pins              ; 0                                           ;
; Total block memory bits         ; 0 / 4,065,280 ( 0 % )                       ;
; Total DSP Blocks                ; 0 / 87 ( 0 % )                              ;
; Total HSSI RX PCSs              ; 0                                           ;
; Total HSSI PMA RX Deserializers ; 0                                           ;
; Total HSSI TX PCSs              ; 0                                           ;
; Total HSSI PMA TX Serializers   ; 0                                           ;
; Total PLLs                      ; 1 / 6 ( 17 % )                              ;
; Total DLLs                      ; 0 / 4 ( 0 % )                               ;
+---------------------------------+---------------------------------------------+


+-----------------------------------------+
; Flow Settings                           ;
+-------------------+---------------------+
; Option            ; Setting             ;
+-------------------+---------------------+
; Start date & time ; 04/05/2017 15:10:57 ;
; Main task         ; Compilation         ;
; Revision Name     ; Lab4                ;
+-------------------+---------------------+


+----------------------------------------------------------------------------------------------------------------------------------------+
; Flow Non-Default Global Settings                                                                                                       ;
+-------------------------------------+---------------------------------------+---------------+-------------------------+----------------+
; Assignment Name                     ; Value                                 ; Default Value ; Entity Name             ; Section Id     ;
+-------------------------------------+---------------------------------------+---------------+-------------------------+----------------+
; COMPILER_SIGNATURE_ID               ; 203178704742134.149141945606876       ; --            ; --                      ; --             ;
; EDA_OUTPUT_DATA_FORMAT              ; Vhdl                                  ; --            ; --                      ; eda_simulation ;
; EDA_SIMULATION_TOOL                 ; ModelSim-Altera (VHDL)                ; <None>        ; --                      ; --             ;
; MAX_CORE_JUNCTION_TEMP              ; 85                                    ; --            ; --                      ; --             ;
; MIN_CORE_JUNCTION_TEMP              ; 0                                     ; --            ; --                      ; --             ;
; MISC_FILE                           ; vga_clk.cmp                           ; --            ; --                      ; --             ;
; MISC_FILE                           ; vga_clk_sim/vga_clk.vho               ; --            ; --                      ; --             ;
; PARTITION_COLOR                     ; 16764057                              ; --            ; vhdl_space_invaders_top ; Top            ;
; PARTITION_FITTER_PRESERVATION_LEVEL ; PLACEMENT_AND_ROUTING                 ; --            ; vhdl_space_invaders_top ; Top            ;
; PARTITION_NETLIST_TYPE              ; SOURCE                                ; --            ; vhdl_space_invaders_top ; Top            ;
; POWER_BOARD_THERMAL_MODEL           ; None (CONSERVATIVE)                   ; --            ; --                      ; --             ;
; POWER_PRESET_COOLING_SOLUTION       ; 23 MM HEAT SINK WITH 200 LFPM AIRFLOW ; --            ; --                      ; --             ;
; PROJECT_OUTPUT_DIRECTORY            ; output_files                          ; --            ; --                      ; --             ;
; SPD_FILE                            ; vga_clk.spd                           ; --            ; --                      ; --             ;
; SYNTHESIS_ONLY_QIP                  ; On                                    ; --            ; --                      ; --             ;
; TOP_LEVEL_ENTITY                    ; vhdl_space_invaders_top               ; Lab4          ; --                      ; --             ;
+-------------------------------------+---------------------------------------+---------------+-------------------------+----------------+


+-------------------------------------------------------------------------------------------------------------------------------+
; Flow Elapsed Time                                                                                                             ;
+---------------------------+--------------+-------------------------+---------------------+------------------------------------+
; Module Name               ; Elapsed Time ; Average Processors Used ; Peak Virtual Memory ; Total CPU Time (on all processors) ;
+---------------------------+--------------+-------------------------+---------------------+------------------------------------+
; Analysis & Synthesis      ; 00:00:55     ; 1.0                     ; 959 MB              ; 00:01:01                           ;
; Fitter                    ; 00:02:45     ; 2.2                     ; 2568 MB             ; 00:05:32                           ;
; Assembler                 ; 00:00:22     ; 1.0                     ; 856 MB              ; 00:00:14                           ;
; TimeQuest Timing Analyzer ; 00:00:34     ; 2.4                     ; 1300 MB             ; 00:01:00                           ;
; EDA Netlist Writer        ; 00:00:36     ; 1.0                     ; 948 MB              ; 00:00:08                           ;
; Total                     ; 00:05:12     ; --                      ; --                  ; 00:07:55                           ;
+---------------------------+--------------+-------------------------+---------------------+------------------------------------+


+----------------------------------------------------------------------------------------+
; Flow OS Summary                                                                        ;
+---------------------------+------------------+-----------+------------+----------------+
; Module Name               ; Machine Hostname ; OS Name   ; OS Version ; Processor type ;
+---------------------------+------------------+-----------+------------+----------------+
; Analysis & Synthesis      ; 156TR4110GW-16   ; Windows 7 ; 6.2        ; x86_64         ;
; Fitter                    ; 156TR4110GW-16   ; Windows 7 ; 6.2        ; x86_64         ;
; Assembler                 ; 156TR4110GW-16   ; Windows 7 ; 6.2        ; x86_64         ;
; TimeQuest Timing Analyzer ; 156TR4110GW-16   ; Windows 7 ; 6.2        ; x86_64         ;
; EDA Netlist Writer        ; 156TR4110GW-16   ; Windows 7 ; 6.2        ; x86_64         ;
+---------------------------+------------------+-----------+------------+----------------+


------------
; Flow Log ;
------------
quartus_map --read_settings_files=on --write_settings_files=off Lab4 -c Lab4
quartus_fit --read_settings_files=off --write_settings_files=off Lab4 -c Lab4
quartus_asm --read_settings_files=off --write_settings_files=off Lab4 -c Lab4
quartus_sta Lab4 -c Lab4
quartus_eda --read_settings_files=off --write_settings_files=off Lab4 -c Lab4



